========================================================================================
Context     : com::adlinktech::datariver::Thing com::adlinktech::datariver::DataRiver::createThing(const com::adlinktech::datariver::ThingProperties&)
Date        : 2020-01-03T14:37:35-0800
Node        : adlink-LEC-ALAI
Process     : VideoStreamReceiver <8383>
Thread      : main thread 7f6417aa5f00
Internals   : DataRiver.cpp/95/6.10.3/ab06e92ccf/8f19187365/-1
----------------------------------------------------------------------------------------
Report      : E_THING_CLASS_NOT_FOUND: Thing Class "VideoStreamReceiver:com.adlinktech.MQ:v1.0" was not found
Internals   : std::shared_ptr<com::adlinktech::datariver::ThingImpl> com::adlinktech::datariver::DataRiverImpl::createThing(const com::adlinktech::datariver::ThingProperties&)/DataRiverImpl.cpp/451/0/1578091055.078797968
========================================================================================
Context     : com::adlinktech::datariver::Thing com::adlinktech::datariver::DataRiver::createThing(const com::adlinktech::datariver::ThingProperties&)
Date        : 2020-01-03T14:40:07-0800
Node        : adlink-LEC-ALAI
Process     : VideoStreamReceiver <8472>
Thread      : main thread 7fb1e4558f00
Internals   : DataRiver.cpp/95/6.10.3/ab06e92ccf/8f19187365/-1
----------------------------------------------------------------------------------------
Report      : E_THING_CLASS_NOT_FOUND: Thing Class "VideoStreamReceiver:com.adlinktech.MQ:v1.0" was not found
Internals   : std::shared_ptr<com::adlinktech::datariver::ThingImpl> com::adlinktech::datariver::DataRiverImpl::createThing(const com::adlinktech::datariver::ThingProperties&)/DataRiverImpl.cpp/451/0/1578091207.429827475
