Determining if the pthread_create exist failed with the following output:
Change Dir: /home/adlink/ADLINK/EdgeSDK/1.2.0/examples/cpp/VideoStream/build/CMakeFiles/CMakeTmp

Run Build Command:"/usr/bin/make" "cmTC_ca0ad/fast"
make[1]: Entering directory '/home/adlink/ADLINK/EdgeSDK/1.2.0/examples/cpp/VideoStream/build/CMakeFiles/CMakeTmp'
/usr/bin/make -f CMakeFiles/cmTC_ca0ad.dir/build.make CMakeFiles/cmTC_ca0ad.dir/build
make[2]: Entering directory '/home/adlink/ADLINK/EdgeSDK/1.2.0/examples/cpp/VideoStream/build/CMakeFiles/CMakeTmp'
Building C object CMakeFiles/cmTC_ca0ad.dir/CheckSymbolExists.c.o
/usr/bin/cc   -std=c++11   -o CMakeFiles/cmTC_ca0ad.dir/CheckSymbolExists.c.o   -c /home/adlink/ADLINK/EdgeSDK/1.2.0/examples/cpp/VideoStream/build/CMakeFiles/CMakeTmp/CheckSymbolExists.c
cc1: warning: command line option ‘-std=c++11’ is valid for C++/ObjC++ but not for C
Linking C executable cmTC_ca0ad
/usr/bin/cmake -E cmake_link_script CMakeFiles/cmTC_ca0ad.dir/link.txt --verbose=1
/usr/bin/cc  -std=c++11    CMakeFiles/cmTC_ca0ad.dir/CheckSymbolExists.c.o  -o cmTC_ca0ad 
CMakeFiles/cmTC_ca0ad.dir/CheckSymbolExists.c.o: In function `main':
CheckSymbolExists.c:(.text+0x1b): undefined reference to `pthread_create'
collect2: error: ld returned 1 exit status
CMakeFiles/cmTC_ca0ad.dir/build.make:97: recipe for target 'cmTC_ca0ad' failed
make[2]: *** [cmTC_ca0ad] Error 1
make[2]: Leaving directory '/home/adlink/ADLINK/EdgeSDK/1.2.0/examples/cpp/VideoStream/build/CMakeFiles/CMakeTmp'
Makefile:126: recipe for target 'cmTC_ca0ad/fast' failed
make[1]: *** [cmTC_ca0ad/fast] Error 2
make[1]: Leaving directory '/home/adlink/ADLINK/EdgeSDK/1.2.0/examples/cpp/VideoStream/build/CMakeFiles/CMakeTmp'

File /home/adlink/ADLINK/EdgeSDK/1.2.0/examples/cpp/VideoStream/build/CMakeFiles/CMakeTmp/CheckSymbolExists.c:
/* */
#include <pthread.h>

int main(int argc, char** argv)
{
  (void)argv;
#ifndef pthread_create
  return ((int*)(&pthread_create))[argc];
#else
  (void)argc;
  return 0;
#endif
}

Determining if the function pthread_create exists in the pthreads failed with the following output:
Change Dir: /home/adlink/ADLINK/EdgeSDK/1.2.0/examples/cpp/VideoStream/build/CMakeFiles/CMakeTmp

Run Build Command:"/usr/bin/make" "cmTC_9de4f/fast"
make[1]: Entering directory '/home/adlink/ADLINK/EdgeSDK/1.2.0/examples/cpp/VideoStream/build/CMakeFiles/CMakeTmp'
/usr/bin/make -f CMakeFiles/cmTC_9de4f.dir/build.make CMakeFiles/cmTC_9de4f.dir/build
make[2]: Entering directory '/home/adlink/ADLINK/EdgeSDK/1.2.0/examples/cpp/VideoStream/build/CMakeFiles/CMakeTmp'
Building C object CMakeFiles/cmTC_9de4f.dir/CheckFunctionExists.c.o
/usr/bin/cc   -DCHECK_FUNCTION_EXISTS=pthread_create -std=c++11   -o CMakeFiles/cmTC_9de4f.dir/CheckFunctionExists.c.o   -c /usr/share/cmake-3.10/Modules/CheckFunctionExists.c
cc1: warning: command line option ‘-std=c++11’ is valid for C++/ObjC++ but not for C
Linking C executable cmTC_9de4f
/usr/bin/cmake -E cmake_link_script CMakeFiles/cmTC_9de4f.dir/link.txt --verbose=1
/usr/bin/cc  -DCHECK_FUNCTION_EXISTS=pthread_create -std=c++11    CMakeFiles/cmTC_9de4f.dir/CheckFunctionExists.c.o  -o cmTC_9de4f -lpthreads 
/usr/bin/ld: cannot find -lpthreads
collect2: error: ld returned 1 exit status
CMakeFiles/cmTC_9de4f.dir/build.make:97: recipe for target 'cmTC_9de4f' failed
make[2]: *** [cmTC_9de4f] Error 1
make[2]: Leaving directory '/home/adlink/ADLINK/EdgeSDK/1.2.0/examples/cpp/VideoStream/build/CMakeFiles/CMakeTmp'
Makefile:126: recipe for target 'cmTC_9de4f/fast' failed
make[1]: *** [cmTC_9de4f/fast] Error 2
make[1]: Leaving directory '/home/adlink/ADLINK/EdgeSDK/1.2.0/examples/cpp/VideoStream/build/CMakeFiles/CMakeTmp'


